Performing C SOURCE FILE Test CMAKE_HAVE_LIBC_PTHREAD failed with the following output:
Change Dir: /home/zzare/salmon/build/CMakeFiles/CMakeScratch/TryCompile-DrkMoi

Run Build Command(s):/home/linuxbrew/.linuxbrew/bin/make -f Makefile cmTC_1d6c8/fast && /home/linuxbrew/.linuxbrew/bin/make  -f CMakeFiles/cmTC_1d6c8.dir/build.make CMakeFiles/cmTC_1d6c8.dir/build
make[1]: Entering directory '/home/zzare/salmon/build/CMakeFiles/CMakeScratch/TryCompile-DrkMoi'
Building C object CMakeFiles/cmTC_1d6c8.dir/src.c.o
/usr/bin/gcc -DCMAKE_HAVE_LIBC_PTHREAD   -o CMakeFiles/cmTC_1d6c8.dir/src.c.o -c /home/zzare/salmon/build/CMakeFiles/CMakeScratch/TryCompile-DrkMoi/src.c
Linking C executable cmTC_1d6c8
/home/linuxbrew/.linuxbrew/Cellar/cmake/3.25.1/bin/cmake -E cmake_link_script CMakeFiles/cmTC_1d6c8.dir/link.txt --verbose=1
/usr/bin/gcc CMakeFiles/cmTC_1d6c8.dir/src.c.o -o cmTC_1d6c8 
/usr/bin/ld: CMakeFiles/cmTC_1d6c8.dir/src.c.o: in function `main':
src.c:(.text+0x46): undefined reference to `pthread_create'
/usr/bin/ld: src.c:(.text+0x52): undefined reference to `pthread_detach'
/usr/bin/ld: src.c:(.text+0x5e): undefined reference to `pthread_cancel'
/usr/bin/ld: src.c:(.text+0x6f): undefined reference to `pthread_join'
collect2: error: ld returned 1 exit status
make[1]: *** [CMakeFiles/cmTC_1d6c8.dir/build.make:99: cmTC_1d6c8] Error 1
make[1]: Leaving directory '/home/zzare/salmon/build/CMakeFiles/CMakeScratch/TryCompile-DrkMoi'
make: *** [Makefile:127: cmTC_1d6c8/fast] Error 2


Source file was:
#include <pthread.h>

static void* test_func(void* data)
{
  return data;
}

int main(void)
{
  pthread_t thread;
  pthread_create(&thread, NULL, test_func, NULL);
  pthread_detach(thread);
  pthread_cancel(thread);
  pthread_join(thread, NULL);
  pthread_atfork(NULL, NULL, NULL);
  pthread_exit(NULL);

  return 0;
}


